Actel Designer Software
Version: 8.6.1.3
Release: v8.6 SPA

Created a new design.
'BA_NAME' set to 'nanofip_ba'
'IDE_DESIGNERVIEW_NAME' set to 'Impl2'
'IDE_DESIGNERVIEW_COUNT' set to '2'
'IDE_DESIGNERVIEW_REV0' set to 'Impl1'
'IDE_DESIGNERVIEW_REVNUM0' set to '1'
'IDE_DESIGNERVIEW_REV1' set to 'Impl2'
'IDE_DESIGNERVIEW_REVNUM1' set to '2'
'IDE_DESIGNERVIEW_ROOTDIR' set to 'C:\ohr\cern-fip\trunk\hdl\cad\libero\NanoFip\designer'
'IDE_DESIGNERVIEW_LASTREV' set to '2'
'DESDIR' set to 'C:/ohr/cern-fip/trunk/hdl/cad/libero/NanoFip/designer/impl2'
'BA_DIR' set to 'C:/ohr/cern-fip/trunk/hdl/cad/libero/NanoFip/designer/impl2'
'BA_NETLIST_ALSO' set to '1'
'EDNINFLAVOR' set to 'GENERIC'
'NETLIST_NAMING_STYLE' set to 'VHDL93'
'EXPORT_STATUS_REPORT' set to '1'
'EXPORT_STATUS_REPORT_FILENAME' set to 'nanofip.rpt'
'AUDIT_NETLIST_FILE' set to '1'
'AUDIT_DCF_FILE' set to '1'
'AUDIT_PIN_FILE' set to '1'
'AUDIT_ADL_FILE' set to '1'

 Netlist Reading Time = 0.0 seconds
Imported the files:
   C:\ohr\cern-fip\trunk\hdl\cad\libero\NanoFip\synthesis\nanofip.edn
   C:\ohr\cern-fip\trunk\hdl\cad\libero\NanoFip\synthesis\nanofip_sdc.sdc

The Import command succeeded ( 00:00:01 )
Warning: Overwriting the existing file: ../../synthesis/nanofip.vhd.
Wrote to the file: ..\..\synthesis\nanofip.vhd

The Export command succeeded ( 00:00:01 )

The Execute Script command succeeded ( 00:00:03 )
Warning: The database was closed without a save, modifications are lost [OK]
Design closed.

