Actel Designer Software
Version: 8.6.1.3
Release: v8.6 SPA

Warning: A lock has been established on this design.
         This lock may be due from a previous aborted session or
         the design may currently be in use by another session.
         
             Locked by: egousiou
             Date: Thu Sep 16 15:36:13 2010
             Hostname: PCBE13136
             ExecutableID: C:\Actel\Libero_v8.6\Designer\bin\designer.exe
             Unsaved Edits: 7.
         
         Would you like to recover the unsaved edits during the opening of the design? [NO]
Info: The design C:\ohr\cern-fip\trunk\hdl\cad\libero\NanoFip\designer\impl2\nanofip.adb was
      last modified by software version 8.6.1.3.
Opened an existing Libero design
C:\ohr\cern-fip\trunk\hdl\cad\libero\NanoFip\designer\impl2\nanofip.adb.
'BA_NAME' set to 'nanofip_ba'
'IDE_DESIGNERVIEW_NAME' set to 'Impl2'
'IDE_DESIGNERVIEW_COUNT' set to '2'
'IDE_DESIGNERVIEW_REV0' set to 'Impl1'
'IDE_DESIGNERVIEW_REVNUM0' set to '1'
'IDE_DESIGNERVIEW_REV1' set to 'Impl2'
'IDE_DESIGNERVIEW_REVNUM1' set to '2'
'IDE_DESIGNERVIEW_ROOTDIR' set to 'C:\ohr\cern-fip\trunk\hdl\cad\libero\NanoFip\designer'
'IDE_DESIGNERVIEW_LASTREV' set to '2'

The Execute Script command succeeded ( 00:00:00 )
Checking for software updates...
Design closed.

